<PAMDataset>
  <SRS>PROJCS["ETRS_1989_LAEA",GEOGCS["GCS_ETRS_1989",DATUM["European_Terrestrial_Reference_System_1989",SPHEROID["GRS_1980",6378137.0,298.257222101,AUTHORITY["EPSG","7019"]],AUTHORITY["EPSG","6258"]],PRIMEM["Greenwich",0.0,AUTHORITY["EPSG","8901"]],UNIT["Degree",0.0174532925199433,AUTHORITY["EPSG","9102"]],AUTHORITY["EPSG","4258"]],PROJECTION["Lambert_Azimuthal_Equal_Area",AUTHORITY["Esri","43033"]],PARAMETER["False_Easting",4321000.0,AUTHORITY["Esri","100001"]],PARAMETER["False_Northing",3210000.0,AUTHORITY["Esri","100002"]],PARAMETER["longitude_of_center",10.0,AUTHORITY["Esri","100010"]],PARAMETER["latitude_of_center",52.0,AUTHORITY["Esri","100021"]],UNIT["Meter",1.0,AUTHORITY["EPSG","9001"]],AUTHORITY["EPSG","3035"]]</SRS>
  <PAMRasterBand band="1">
    <Description>test-cumsum-2</Description>
    <Histograms>
      <HistItem>
        <HistMin>0</HistMin>
        <HistMax>221.3619384765625</HistMax>
        <BucketCount>256</BucketCount>
        <IncludeOutOfRange>1</IncludeOutOfRange>
        <Approximate>0</Approximate>
        <HistCounts>1013|305|247|195|117|109|136|109|118|108|102|86|85|72|74|89|77|77|113|108|101|95|63|50|50|39|46|42|46|38|45|31|36|31|34|37|33|38|27|37|21|15|23|17|12|21|27|27|20|29|25|28|21|11|13|13|16|13|14|13|18|18|13|19|10|10|10|7|11|14|5|11|8|5|4|8|9|6|7|3|4|7|6|5|9|4|4|7|3|3|7|7|5|3|3|7|3|4|3|4|4|3|2|2|1|5|2|5|1|1|4|1|0|2|2|1|4|4|6|3|3|1|0|5|1|2|3|2|2|1|2|3|2|1|4|3|0|3|1|3|4|1|0|3|4|1|5|1|2|0|5|4|2|1|2|2|0|3|2|0|0|1|1|3|2|2|0|1|1|0|1|0|2|0|1|0|0|1|0|1|0|0|1|1|0|0|0|0|0|0|1|0|0|0|0|0|0|0|0|1|2|0|0|0|0|0|0|0|0|0|1|0|0|0|0|0|0|0|0|0|1|0|1|0|0|1|0|0|0|0|0|0|0|0|0|1|0|0|0|0|0|0|0|0|0|1|0|0|0|0|0|0|1|0|0|1</HistCounts>
      </HistItem>
    </Histograms>
  </PAMRasterBand>
</PAMDataset>
